2026-02-14 18:46:30.835 [INFO ] [openhab.event.ItemCommandEvent      ] - Item 'Search_Query' received command actuator (source: org.openhab.ui.basic$semantic:semantic=>org.openhab.core.io.rest)
2026-02-14 18:46:30.849 [INFO ] [openhab.event.ItemStateChangedEvent ] - Item 'Search_Query' changed from NULL to actuator (source: org.openhab.core.autoupdate)
2026-02-14 18:46:30.949 [INFO ] [openhab.event.ItemStateChangedEvent ] - Item 'Search_Results' changed from NULL to Found: Ventilation Fan (source: org.openhab.automation.jsscripting$file:semantic_search.js)
2026-02-14 18:46:32.777 [INFO ] [openhab.event.ItemCommandEvent      ] - Item 'Search_Query' received command fan (source: org.openhab.ui.basic$semantic:semantic=>org.openhab.core.io.rest)
2026-02-14 18:46:32.785 [INFO ] [openhab.event.ItemStateChangedEvent ] - Item 'Search_Query' changed from actuator to fan (source: org.openhab.core.autoupdate)
2026-02-14 18:46:34.872 [INFO ] [openhab.event.ItemCommandEvent      ] - Item 'Search_Query' received command humidity (source: org.openhab.ui.basic$semantic:semantic=>org.openhab.core.io.rest)
2026-02-14 18:46:34.876 [INFO ] [openhab.event.ItemStateChangedEvent ] - Item 'Search_Query' changed from fan to humidity (source: org.openhab.core.autoupdate)
2026-02-14 18:46:34.892 [INFO ] [openhab.event.ItemStateChangedEvent ] - Item 'Search_Results' changed from Found: Ventilation Fan to Found: Air Humidity (source: org.openhab.automation.jsscripting$file:semantic_search.js)
2026-02-14 18:46:37.245 [INFO ] [openhab.event.ItemCommandEvent      ] - Item 'Search_Query' received command temperature (source: org.openhab.ui.basic$semantic:semantic=>org.openhab.core.io.rest)
2026-02-14 18:46:37.249 [INFO ] [openhab.event.ItemStateChangedEvent ] - Item 'Search_Query' changed from humidity to temperature (source: org.openhab.core.autoupdate)
2026-02-14 18:46:37.271 [INFO ] [openhab.event.ItemStateChangedEvent ] - Item 'Search_Results' changed from Found: Air Humidity to Found: Air Temperature (source: org.openhab.automation.jsscripting$file:semantic_search.js)
2026-02-14 19:25:12.236 [INFO ] [openhab.event.ItemCommandEvent      ] - Item 'Search_Query' received command humidity (source: org.openhab.ui.basic$semantic:semantic=>org.openhab.core.io.rest)
2026-02-14 19:25:12.242 [INFO ] [openhab.event.ItemStateChangedEvent ] - Item 'Search_Query' changed from temperature to humidity (source: org.openhab.core.autoupdate)
2026-02-14 19:25:12.284 [INFO ] [openhab.event.ItemStateChangedEvent ] - Item 'Search_Results' changed from Found: Air Temperature to Found: Air Humidity (source: org.openhab.automation.jsscripting$file:semantic_search.js)
2026-02-14 19:25:15.140 [INFO ] [openhab.event.ItemCommandEvent      ] - Item 'Search_Query' received command fan (source: org.openhab.ui.basic$semantic:semantic=>org.openhab.core.io.rest)
2026-02-14 19:25:15.145 [INFO ] [openhab.event.ItemStateChangedEvent ] - Item 'Search_Query' changed from humidity to fan (source: org.openhab.core.autoupdate)
2026-02-14 19:25:15.165 [INFO ] [openhab.event.ItemStateChangedEvent ] - Item 'Search_Results' changed from Found: Air Humidity to Found: Ventilation Fan (source: org.openhab.automation.jsscripting$file:semantic_search.js)
2026-02-14 19:25:17.681 [INFO ] [openhab.event.ItemCommandEvent      ] - Item 'Search_Query' received command actuator (source: org.openhab.ui.basic$semantic:semantic=>org.openhab.core.io.rest)
2026-02-14 19:25:17.685 [INFO ] [openhab.event.ItemStateChangedEvent ] - Item 'Search_Query' changed from fan to actuator (source: org.openhab.core.autoupdate)
2026-02-14 19:25:25.501 [INFO ] [openhab.event.ItemCommandEvent      ] - Item 'Greenhouse_Vent' received command ON (source: org.openhab.ui.basic$semantic:0100=>org.openhab.core.io.rest)
2026-02-14 19:25:25.505 [INFO ] [openhab.event.ItemStateChangedEvent ] - Item 'Greenhouse_Vent' changed from NULL to ON (source: org.openhab.core.autoupdate)
2026-02-14 19:25:25.703 [INFO ] [openhab.event.ItemCommandEvent      ] - Item 'Greenhouse_Vent' received command OFF (source: org.openhab.ui.basic$semantic:0100=>org.openhab.core.io.rest)
2026-02-14 19:25:25.705 [INFO ] [openhab.event.ItemStateChangedEvent ] - Item 'Greenhouse_Vent' changed from ON to OFF (source: org.openhab.core.autoupdate)
2026-02-14 19:25:49.505 [INFO ] [openhab.event.ItemCommandEvent      ] - Item 'Greenhouse_Temp' received command 25 (source: org.openhab.core.io.console$openhab)
2026-02-14 19:25:49.511 [INFO ] [openhab.event.ItemStateChangedEvent ] - Item 'Greenhouse_Temp' changed from NULL to 25 (source: org.openhab.core.autoupdate)
2026-02-14 19:25:50.803 [INFO ] [openhab.event.ItemCommandEvent      ] - Item 'Greenhouse_Hum' received command 60 (source: org.openhab.core.io.console$openhab)
2026-02-14 19:25:50.806 [INFO ] [openhab.event.ItemStateChangedEvent ] - Item 'Greenhouse_Hum' changed from NULL to 60 (source: org.openhab.core.autoupdate)
2026-02-14 19:25:57.811 [INFO ] [openhab.event.ItemCommandEvent      ] - Item 'Search_Query' received command humidity (source: org.openhab.ui.basic$semantic:semantic=>org.openhab.core.io.rest)
2026-02-14 19:25:57.814 [INFO ] [openhab.event.ItemStateChangedEvent ] - Item 'Search_Query' changed from actuator to humidity (source: org.openhab.core.autoupdate)
2026-02-14 19:25:57.826 [INFO ] [openhab.event.ItemStateChangedEvent ] - Item 'Search_Results' changed from Found: Ventilation Fan to Found: Air Humidity (source: org.openhab.automation.jsscripting$file:semantic_search.js)
2026-02-14 19:25:59.907 [INFO ] [openhab.event.ItemCommandEvent      ] - Item 'Search_Query' received command fan (source: org.openhab.ui.basic$semantic:semantic=>org.openhab.core.io.rest)
2026-02-14 19:25:59.910 [INFO ] [openhab.event.ItemStateChangedEvent ] - Item 'Search_Query' changed from humidity to fan (source: org.openhab.core.autoupdate)
2026-02-14 19:25:59.945 [INFO ] [openhab.event.ItemStateChangedEvent ] - Item 'Search_Results' changed from Found: Air Humidity to Found: Ventilation Fan (source: org.openhab.automation.jsscripting$file:semantic_search.js)
